<?xml version="1.0" encoding="UTF-8"?>
<testng-results ignored="0" total="1" passed="1" failed="0" skipped="0">
  <reporter-output>
  </reporter-output>
  <suite started-at="2021-09-28T22:31:27 AMT" name="tests.BaseTest" finished-at="2021-09-28T22:32:54 AMT" duration-ms="86896">
    <groups>
    </groups>
    <test started-at="2021-09-28T22:31:27 AMT" name="Command line test" finished-at="2021-09-28T22:32:54 AMT" duration-ms="86896">
      <class name="tests.BaseTest">
        <test-method signature="checkCheck()[pri:0, instance:tests.BaseTest@3d921e20]" started-at="2021-09-28T22:31:27 AMT" name="checkCheck" finished-at="2021-09-28T22:32:54 AMT" duration-ms="86870" status="PASS">
          <reporter-output>
          </reporter-output>
        </test-method> <!-- checkCheck -->
      </class> <!-- tests.BaseTest -->
    </test> <!-- Command line test -->
  </suite> <!-- tests.BaseTest -->
</testng-results>
